  [1m[36m (1.2ms)[0m  [1mCREATE TABLE "schema_migrations" ("version" varchar NOT NULL) [0m
  [1m[35m (0.0ms)[0m  select sqlite_version(*)
  [1m[36m (1.0ms)[0m  [1mCREATE UNIQUE INDEX "unique_schema_migrations" ON "schema_migrations" ("version")[0m
  [1m[35mActiveRecord::SchemaMigration Load (0.1ms)[0m  SELECT "schema_migrations".* FROM "schema_migrations"
  [1m[36mActiveRecord::SchemaMigration Load (0.1ms)[0m  [1mSELECT "schema_migrations".* FROM "schema_migrations"[0m
Migrating to CreatePosts (20151230232412)
  [1m[35m (0.1ms)[0m  begin transaction
  [1m[36m (0.4ms)[0m  [1mCREATE TABLE "posts" ("id" INTEGER PRIMARY KEY AUTOINCREMENT NOT NULL, "title" varchar, "description" text, "created_at" datetime NOT NULL, "updated_at" datetime NOT NULL) [0m
  [1m[35mSQL (0.2ms)[0m  INSERT INTO "schema_migrations" ("version") VALUES (?)  [["version", "20151230232412"]]
  [1m[36m (1.3ms)[0m  [1mcommit transaction[0m
  [1m[35mActiveRecord::SchemaMigration Load (0.1ms)[0m  SELECT "schema_migrations".* FROM "schema_migrations"
  [1m[36mActiveRecord::SchemaMigration Load (0.7ms)[0m  [1mSELECT "schema_migrations".* FROM "schema_migrations"[0m
  [1m[35m (0.1ms)[0m  begin transaction
  [1m[36mSQL (1.8ms)[0m  [1mINSERT INTO "posts" ("title", "created_at", "updated_at") VALUES (?, ?, ?)[0m  [["title", "title1"], ["created_at", "2017-05-19 17:12:23.685317"], ["updated_at", "2017-05-19 17:12:23.685317"]]
  [1m[35m (1.2ms)[0m  commit transaction
  [1m[36m (0.1ms)[0m  [1mbegin transaction[0m
  [1m[35mSQL (0.3ms)[0m  INSERT INTO "posts" ("title", "created_at", "updated_at") VALUES (?, ?, ?)  [["title", "title2"], ["created_at", "2017-05-19 17:12:23.691729"], ["updated_at", "2017-05-19 17:12:23.691729"]]
  [1m[36m (1.2ms)[0m  [1mcommit transaction[0m
  [1m[35m (0.1ms)[0m  begin transaction
  [1m[36mSQL (0.3ms)[0m  [1mINSERT INTO "posts" ("title", "created_at", "updated_at") VALUES (?, ?, ?)[0m  [["title", "title3"], ["created_at", "2017-05-19 17:12:23.694656"], ["updated_at", "2017-05-19 17:12:23.694656"]]
  [1m[35m (1.1ms)[0m  commit transaction


Started GET "/posts" for ::1 at 2017-05-19 13:12:48 -0400
  [1m[36mActiveRecord::SchemaMigration Load (0.1ms)[0m  [1mSELECT "schema_migrations".* FROM "schema_migrations"[0m

ActionController::RoutingError (undefined method `-@' for :show:Symbol):
  app/controllers/posts_controller.rb:9:in `<top (required)>'


  Rendered /Users/devinoulighan/.rvm/gems/ruby-2.3.0/gems/actionpack-4.2.5/lib/action_dispatch/middleware/templates/rescues/_trace.html.erb (1.5ms)
  Rendered /Users/devinoulighan/.rvm/gems/ruby-2.3.0/gems/actionpack-4.2.5/lib/action_dispatch/middleware/templates/routes/_route.html.erb (0.7ms)
  Rendered /Users/devinoulighan/.rvm/gems/ruby-2.3.0/gems/actionpack-4.2.5/lib/action_dispatch/middleware/templates/routes/_table.html.erb (9.4ms)
  Rendered /Users/devinoulighan/.rvm/gems/ruby-2.3.0/gems/actionpack-4.2.5/lib/action_dispatch/middleware/templates/rescues/_request_and_response.html.erb (8.8ms)
  Rendered /Users/devinoulighan/.rvm/gems/ruby-2.3.0/gems/actionpack-4.2.5/lib/action_dispatch/middleware/templates/rescues/routing_error.html.erb within rescues/layout (86.0ms)
  Rendered /Users/devinoulighan/.rvm/gems/ruby-2.3.0/gems/web-console-2.2.1/lib/web_console/templates/_markup.html.erb (0.5ms)
  Rendered /Users/devinoulighan/.rvm/gems/ruby-2.3.0/gems/web-console-2.2.1/lib/web_console/templates/_inner_console_markup.html.erb within layouts/inlined_string (0.3ms)
  Rendered /Users/devinoulighan/.rvm/gems/ruby-2.3.0/gems/web-console-2.2.1/lib/web_console/templates/_prompt_box_markup.html.erb within layouts/inlined_string (0.3ms)
  Rendered /Users/devinoulighan/.rvm/gems/ruby-2.3.0/gems/web-console-2.2.1/lib/web_console/templates/style.css.erb within layouts/inlined_string (0.8ms)
  Rendered /Users/devinoulighan/.rvm/gems/ruby-2.3.0/gems/web-console-2.2.1/lib/web_console/templates/console.js.erb within layouts/javascript (44.8ms)
  Rendered /Users/devinoulighan/.rvm/gems/ruby-2.3.0/gems/web-console-2.2.1/lib/web_console/templates/main.js.erb within layouts/javascript (0.3ms)
  Rendered /Users/devinoulighan/.rvm/gems/ruby-2.3.0/gems/web-console-2.2.1/lib/web_console/templates/error_page.js.erb within layouts/javascript (0.4ms)
  Rendered /Users/devinoulighan/.rvm/gems/ruby-2.3.0/gems/web-console-2.2.1/lib/web_console/templates/index.html.erb (101.9ms)


Started GET "/posts" for ::1 at 2017-05-19 13:13:05 -0400
Processing by PostsController#index as HTML
  Rendered posts/index.html.erb within layouts/application (1.5ms)
Completed 500 Internal Server Error in 10ms (ActiveRecord: 0.0ms)

SyntaxError (/Users/devinoulighan/Development/labs/rails-url-helpers-readme-web-042417/app/views/posts/index.html.erb:2: syntax error, unexpected ')', expecting &. or :: or '[' or '.'
...st.title, "/posts/#{post.id}" );@output_buffer.safe_append='...
...                               ^
/Users/devinoulighan/Development/labs/rails-url-helpers-readme-web-042417/app/views/posts/index.html.erb:3: syntax error, unexpected keyword_end, expecting ')'
'.freeze; end 
             ^
/Users/devinoulighan/Development/labs/rails-url-helpers-readme-web-042417/app/views/posts/index.html.erb:5: syntax error, unexpected keyword_ensure, expecting ')'
/Users/devinoulighan/Development/labs/rails-url-helpers-readme-web-042417/app/views/posts/index.html.erb:7: syntax error, unexpected keyword_end, expecting ')'):
  app/views/posts/index.html.erb:2: syntax error, unexpected ')', expecting &. or :: or '[' or '.'
  app/views/posts/index.html.erb:3: syntax error, unexpected keyword_end, expecting ')'
  app/views/posts/index.html.erb:5: syntax error, unexpected keyword_ensure, expecting ')'
  app/views/posts/index.html.erb:7: syntax error, unexpected keyword_end, expecting ')'


  Rendered /Users/devinoulighan/.rvm/gems/ruby-2.3.0/gems/actionpack-4.2.5/lib/action_dispatch/middleware/templates/rescues/_source.erb (5.4ms)
  Rendered /Users/devinoulighan/.rvm/gems/ruby-2.3.0/gems/actionpack-4.2.5/lib/action_dispatch/middleware/templates/rescues/_trace.html.erb (2.4ms)
  Rendered /Users/devinoulighan/.rvm/gems/ruby-2.3.0/gems/actionpack-4.2.5/lib/action_dispatch/middleware/templates/rescues/_request_and_response.html.erb (0.8ms)
  Rendered /Users/devinoulighan/.rvm/gems/ruby-2.3.0/gems/actionpack-4.2.5/lib/action_dispatch/middleware/templates/rescues/diagnostics.html.erb within rescues/layout (57.8ms)
  Rendered /Users/devinoulighan/.rvm/gems/ruby-2.3.0/gems/web-console-2.2.1/lib/web_console/templates/_markup.html.erb (0.5ms)
  Rendered /Users/devinoulighan/.rvm/gems/ruby-2.3.0/gems/web-console-2.2.1/lib/web_console/templates/_inner_console_markup.html.erb within layouts/inlined_string (0.4ms)
  Rendered /Users/devinoulighan/.rvm/gems/ruby-2.3.0/gems/web-console-2.2.1/lib/web_console/templates/_prompt_box_markup.html.erb within layouts/inlined_string (0.3ms)
  Rendered /Users/devinoulighan/.rvm/gems/ruby-2.3.0/gems/web-console-2.2.1/lib/web_console/templates/style.css.erb within layouts/inlined_string (0.3ms)
  Rendered /Users/devinoulighan/.rvm/gems/ruby-2.3.0/gems/web-console-2.2.1/lib/web_console/templates/console.js.erb within layouts/javascript (46.9ms)
  Rendered /Users/devinoulighan/.rvm/gems/ruby-2.3.0/gems/web-console-2.2.1/lib/web_console/templates/main.js.erb within layouts/javascript (0.3ms)
  Rendered /Users/devinoulighan/.rvm/gems/ruby-2.3.0/gems/web-console-2.2.1/lib/web_console/templates/error_page.js.erb within layouts/javascript (0.3ms)
  Rendered /Users/devinoulighan/.rvm/gems/ruby-2.3.0/gems/web-console-2.2.1/lib/web_console/templates/index.html.erb (106.7ms)


Started GET "/posts" for ::1 at 2017-05-19 13:13:50 -0400
Processing by PostsController#index as HTML
  [1m[35mPost Load (0.3ms)[0m  SELECT "posts".* FROM "posts"
  Rendered posts/index.html.erb within layouts/application (4.6ms)
Completed 200 OK in 288ms (Views: 286.7ms | ActiveRecord: 0.5ms)


Started GET "/posts" for ::1 at 2017-05-19 13:14:00 -0400
Processing by PostsController#index as HTML
  Rendered posts/index.html.erb within layouts/application (1.2ms)
Completed 500 Internal Server Error in 6ms (ActiveRecord: 0.0ms)

SyntaxError (/Users/devinoulighan/Development/labs/rails-url-helpers-readme-web-042417/app/views/posts/index.html.erb:2: syntax error, unexpected ')', expecting &. or :: or '[' or '.'
...st.title, "/posts/#{post.id}" );@output_buffer.safe_append='...
...                               ^
/Users/devinoulighan/Development/labs/rails-url-helpers-readme-web-042417/app/views/posts/index.html.erb:3: syntax error, unexpected keyword_end, expecting ')'
'.freeze; end 
             ^
/Users/devinoulighan/Development/labs/rails-url-helpers-readme-web-042417/app/views/posts/index.html.erb:5: syntax error, unexpected keyword_ensure, expecting ')'
/Users/devinoulighan/Development/labs/rails-url-helpers-readme-web-042417/app/views/posts/index.html.erb:7: syntax error, unexpected keyword_end, expecting ')'):
  app/views/posts/index.html.erb:2: syntax error, unexpected ')', expecting &. or :: or '[' or '.'
  app/views/posts/index.html.erb:3: syntax error, unexpected keyword_end, expecting ')'
  app/views/posts/index.html.erb:5: syntax error, unexpected keyword_ensure, expecting ')'
  app/views/posts/index.html.erb:7: syntax error, unexpected keyword_end, expecting ')'


  Rendered /Users/devinoulighan/.rvm/gems/ruby-2.3.0/gems/actionpack-4.2.5/lib/action_dispatch/middleware/templates/rescues/_source.erb (5.2ms)
  Rendered /Users/devinoulighan/.rvm/gems/ruby-2.3.0/gems/actionpack-4.2.5/lib/action_dispatch/middleware/templates/rescues/_trace.html.erb (2.9ms)
  Rendered /Users/devinoulighan/.rvm/gems/ruby-2.3.0/gems/actionpack-4.2.5/lib/action_dispatch/middleware/templates/rescues/_request_and_response.html.erb (0.8ms)
  Rendered /Users/devinoulighan/.rvm/gems/ruby-2.3.0/gems/actionpack-4.2.5/lib/action_dispatch/middleware/templates/rescues/diagnostics.html.erb within rescues/layout (53.9ms)
  Rendered /Users/devinoulighan/.rvm/gems/ruby-2.3.0/gems/web-console-2.2.1/lib/web_console/templates/_markup.html.erb (0.3ms)
  Rendered /Users/devinoulighan/.rvm/gems/ruby-2.3.0/gems/web-console-2.2.1/lib/web_console/templates/_inner_console_markup.html.erb within layouts/inlined_string (0.4ms)
  Rendered /Users/devinoulighan/.rvm/gems/ruby-2.3.0/gems/web-console-2.2.1/lib/web_console/templates/_prompt_box_markup.html.erb within layouts/inlined_string (0.4ms)
  Rendered /Users/devinoulighan/.rvm/gems/ruby-2.3.0/gems/web-console-2.2.1/lib/web_console/templates/style.css.erb within layouts/inlined_string (0.5ms)
  Rendered /Users/devinoulighan/.rvm/gems/ruby-2.3.0/gems/web-console-2.2.1/lib/web_console/templates/console.js.erb within layouts/javascript (45.2ms)
  Rendered /Users/devinoulighan/.rvm/gems/ruby-2.3.0/gems/web-console-2.2.1/lib/web_console/templates/main.js.erb within layouts/javascript (0.3ms)
  Rendered /Users/devinoulighan/.rvm/gems/ruby-2.3.0/gems/web-console-2.2.1/lib/web_console/templates/error_page.js.erb within layouts/javascript (0.4ms)
  Rendered /Users/devinoulighan/.rvm/gems/ruby-2.3.0/gems/web-console-2.2.1/lib/web_console/templates/index.html.erb (100.2ms)


Started GET "/posts" for ::1 at 2017-05-19 13:14:21 -0400
Processing by PostsController#index as HTML
  [1m[36mPost Load (0.2ms)[0m  [1mSELECT "posts".* FROM "posts"[0m
  Rendered posts/index.html.erb within layouts/application (1.2ms)
Completed 200 OK in 19ms (Views: 18.1ms | ActiveRecord: 0.2ms)


Started GET "/posts/1" for ::1 at 2017-05-19 13:14:24 -0400
Processing by PostsController#show as HTML
  Parameters: {"id"=>"1"}
  [1m[35mPost Load (0.2ms)[0m  SELECT  "posts".* FROM "posts" WHERE "posts"."id" = ? LIMIT 1  [["id", 1]]
  Rendered posts/show.html.erb within layouts/application (0.5ms)
Completed 200 OK in 19ms (Views: 11.2ms | ActiveRecord: 0.2ms)


Started GET "/posts/" for ::1 at 2017-05-19 13:14:27 -0400
Processing by PostsController#index as HTML
  [1m[36mPost Load (0.2ms)[0m  [1mSELECT "posts".* FROM "posts"[0m
  Rendered posts/index.html.erb within layouts/application (0.9ms)
Completed 200 OK in 15ms (Views: 12.8ms | ActiveRecord: 0.2ms)


Started GET "/posts/2" for ::1 at 2017-05-19 13:14:28 -0400
Processing by PostsController#show as HTML
  Parameters: {"id"=>"2"}
  [1m[35mPost Load (0.1ms)[0m  SELECT  "posts".* FROM "posts" WHERE "posts"."id" = ? LIMIT 1  [["id", 2]]
  Rendered posts/show.html.erb within layouts/application (0.4ms)
Completed 200 OK in 14ms (Views: 13.5ms | ActiveRecord: 0.1ms)


Started GET "/posts/3" for ::1 at 2017-05-19 13:14:30 -0400
Processing by PostsController#show as HTML
  Parameters: {"id"=>"3"}
  [1m[36mPost Load (0.1ms)[0m  [1mSELECT  "posts".* FROM "posts" WHERE "posts"."id" = ? LIMIT 1[0m  [["id", 3]]
  Rendered posts/show.html.erb within layouts/application (0.1ms)
Completed 200 OK in 12ms (Views: 11.5ms | ActiveRecord: 0.1ms)


Started GET "/posts/" for ::1 at 2017-05-19 13:15:11 -0400
Processing by PostsController#index as HTML
  [1m[35mPost Load (0.2ms)[0m  SELECT "posts".* FROM "posts"
  Rendered posts/index.html.erb within layouts/application (1.6ms)
Completed 200 OK in 16ms (Views: 15.1ms | ActiveRecord: 0.2ms)


Started GET "/posts/2" for ::1 at 2017-05-19 13:15:16 -0400
Processing by PostsController#show as HTML
  Parameters: {"id"=>"2"}
  [1m[36mPost Load (0.1ms)[0m  [1mSELECT  "posts".* FROM "posts" WHERE "posts"."id" = ? LIMIT 1[0m  [["id", 2]]
  Rendered posts/show.html.erb within layouts/application (0.1ms)
Completed 200 OK in 14ms (Views: 12.6ms | ActiveRecord: 0.1ms)


Started GET "/posts/" for ::1 at 2017-05-19 13:15:58 -0400
Processing by PostsController#index as HTML
  [1m[35mPost Load (0.2ms)[0m  SELECT "posts".* FROM "posts"
  Rendered posts/index.html.erb within layouts/application (4.6ms)
Completed 500 Internal Server Error in 9ms (ActiveRecord: 0.2ms)

ActionView::Template::Error (undefined method `pry' for #<Binding:0x007f925457b7d0>
Did you mean?  try):
    1: 
    2: <% @posts.each do |post| %>
    3:   <div><%= link_to post.title, post_path(post) %></div><% binding.pry %>
    4: <% end %>
  app/views/posts/index.html.erb:3:in `block in _app_views_posts_index_html_erb__1351646282328907153_70133247726860'
  app/views/posts/index.html.erb:2:in `_app_views_posts_index_html_erb__1351646282328907153_70133247726860'


  Rendered /Users/devinoulighan/.rvm/gems/ruby-2.3.0/gems/actionpack-4.2.5/lib/action_dispatch/middleware/templates/rescues/_source.erb (4.8ms)
  Rendered /Users/devinoulighan/.rvm/gems/ruby-2.3.0/gems/actionpack-4.2.5/lib/action_dispatch/middleware/templates/rescues/_trace.html.erb (2.7ms)
  Rendered /Users/devinoulighan/.rvm/gems/ruby-2.3.0/gems/actionpack-4.2.5/lib/action_dispatch/middleware/templates/rescues/_request_and_response.html.erb (0.8ms)
  Rendered /Users/devinoulighan/.rvm/gems/ruby-2.3.0/gems/actionpack-4.2.5/lib/action_dispatch/middleware/templates/rescues/template_error.html.erb within rescues/layout (55.4ms)
  Rendered /Users/devinoulighan/.rvm/gems/ruby-2.3.0/gems/web-console-2.2.1/lib/web_console/templates/_markup.html.erb (0.5ms)
  Rendered /Users/devinoulighan/.rvm/gems/ruby-2.3.0/gems/web-console-2.2.1/lib/web_console/templates/_inner_console_markup.html.erb within layouts/inlined_string (0.3ms)
  Rendered /Users/devinoulighan/.rvm/gems/ruby-2.3.0/gems/web-console-2.2.1/lib/web_console/templates/_prompt_box_markup.html.erb within layouts/inlined_string (0.3ms)
  Rendered /Users/devinoulighan/.rvm/gems/ruby-2.3.0/gems/web-console-2.2.1/lib/web_console/templates/style.css.erb within layouts/inlined_string (0.4ms)
  Rendered /Users/devinoulighan/.rvm/gems/ruby-2.3.0/gems/web-console-2.2.1/lib/web_console/templates/console.js.erb within layouts/javascript (49.1ms)
  Rendered /Users/devinoulighan/.rvm/gems/ruby-2.3.0/gems/web-console-2.2.1/lib/web_console/templates/main.js.erb within layouts/javascript (0.3ms)
  Rendered /Users/devinoulighan/.rvm/gems/ruby-2.3.0/gems/web-console-2.2.1/lib/web_console/templates/error_page.js.erb within layouts/javascript (0.4ms)
  Rendered /Users/devinoulighan/.rvm/gems/ruby-2.3.0/gems/web-console-2.2.1/lib/web_console/templates/index.html.erb (110.6ms)


Started GET "/posts/" for ::1 at 2017-05-19 13:16:14 -0400
Processing by PostsController#index as HTML
  [1m[36mPost Load (0.2ms)[0m  [1mSELECT "posts".* FROM "posts"[0m
  Rendered posts/index.html.erb within layouts/application (5.4ms)
Completed 500 Internal Server Error in 12ms (ActiveRecord: 0.2ms)

ActionView::Template::Error (undefined method `pry' for #<Binding:0x007f9255a360f8>
Did you mean?  try):
    1: 
    2: <% @posts.each do |post| %>
    3:   <div><%= link_to post.title, post_path(post) %></div><% binding.pry %>
    4: <% end %>
  app/views/posts/index.html.erb:3:in `block in _app_views_posts_index_html_erb__1351646282328907153_70133247726860'
  app/views/posts/index.html.erb:2:in `_app_views_posts_index_html_erb__1351646282328907153_70133247726860'


  Rendered /Users/devinoulighan/.rvm/gems/ruby-2.3.0/gems/actionpack-4.2.5/lib/action_dispatch/middleware/templates/rescues/_source.erb (13.2ms)
  Rendered /Users/devinoulighan/.rvm/gems/ruby-2.3.0/gems/actionpack-4.2.5/lib/action_dispatch/middleware/templates/rescues/_trace.html.erb (1.9ms)
  Rendered /Users/devinoulighan/.rvm/gems/ruby-2.3.0/gems/actionpack-4.2.5/lib/action_dispatch/middleware/templates/rescues/_request_and_response.html.erb (1.0ms)
  Rendered /Users/devinoulighan/.rvm/gems/ruby-2.3.0/gems/actionpack-4.2.5/lib/action_dispatch/middleware/templates/rescues/template_error.html.erb within rescues/layout (62.3ms)
  Rendered /Users/devinoulighan/.rvm/gems/ruby-2.3.0/gems/web-console-2.2.1/lib/web_console/templates/_markup.html.erb (0.3ms)
  Rendered /Users/devinoulighan/.rvm/gems/ruby-2.3.0/gems/web-console-2.2.1/lib/web_console/templates/_inner_console_markup.html.erb within layouts/inlined_string (0.3ms)
  Rendered /Users/devinoulighan/.rvm/gems/ruby-2.3.0/gems/web-console-2.2.1/lib/web_console/templates/_prompt_box_markup.html.erb within layouts/inlined_string (0.2ms)
  Rendered /Users/devinoulighan/.rvm/gems/ruby-2.3.0/gems/web-console-2.2.1/lib/web_console/templates/style.css.erb within layouts/inlined_string (0.3ms)
  Rendered /Users/devinoulighan/.rvm/gems/ruby-2.3.0/gems/web-console-2.2.1/lib/web_console/templates/console.js.erb within layouts/javascript (43.2ms)
  Rendered /Users/devinoulighan/.rvm/gems/ruby-2.3.0/gems/web-console-2.2.1/lib/web_console/templates/main.js.erb within layouts/javascript (0.3ms)
  Rendered /Users/devinoulighan/.rvm/gems/ruby-2.3.0/gems/web-console-2.2.1/lib/web_console/templates/error_page.js.erb within layouts/javascript (0.5ms)
  Rendered /Users/devinoulighan/.rvm/gems/ruby-2.3.0/gems/web-console-2.2.1/lib/web_console/templates/index.html.erb (95.3ms)


Started GET "/posts/" for ::1 at 2017-05-19 13:16:43 -0400
Processing by PostsController#index as HTML
  [1m[35mPost Load (0.1ms)[0m  SELECT "posts".* FROM "posts"
  Rendered posts/index.html.erb within layouts/application (3.6ms)
Completed 500 Internal Server Error in 7ms (ActiveRecord: 0.1ms)

ActionView::Template::Error (undefined method `pry' for #<Binding:0x007f9256e50cf0>
Did you mean?  try):
    1: 
    2: <% @posts.each do |post| %>
    3:   <div><%= link_to post.title, post_path(post) %></div><% binding.pry %>
    4: <% end %>
  app/views/posts/index.html.erb:3:in `block in _app_views_posts_index_html_erb__1351646282328907153_70133247726860'
  app/views/posts/index.html.erb:2:in `_app_views_posts_index_html_erb__1351646282328907153_70133247726860'


  Rendered /Users/devinoulighan/.rvm/gems/ruby-2.3.0/gems/actionpack-4.2.5/lib/action_dispatch/middleware/templates/rescues/_source.erb (5.3ms)
  Rendered /Users/devinoulighan/.rvm/gems/ruby-2.3.0/gems/actionpack-4.2.5/lib/action_dispatch/middleware/templates/rescues/_trace.html.erb (2.1ms)
  Rendered /Users/devinoulighan/.rvm/gems/ruby-2.3.0/gems/actionpack-4.2.5/lib/action_dispatch/middleware/templates/rescues/_request_and_response.html.erb (1.3ms)
  Rendered /Users/devinoulighan/.rvm/gems/ruby-2.3.0/gems/actionpack-4.2.5/lib/action_dispatch/middleware/templates/rescues/template_error.html.erb within rescues/layout (55.7ms)
  Rendered /Users/devinoulighan/.rvm/gems/ruby-2.3.0/gems/web-console-2.2.1/lib/web_console/templates/_markup.html.erb (0.3ms)
  Rendered /Users/devinoulighan/.rvm/gems/ruby-2.3.0/gems/web-console-2.2.1/lib/web_console/templates/_inner_console_markup.html.erb within layouts/inlined_string (0.5ms)
  Rendered /Users/devinoulighan/.rvm/gems/ruby-2.3.0/gems/web-console-2.2.1/lib/web_console/templates/_prompt_box_markup.html.erb within layouts/inlined_string (0.3ms)
  Rendered /Users/devinoulighan/.rvm/gems/ruby-2.3.0/gems/web-console-2.2.1/lib/web_console/templates/style.css.erb within layouts/inlined_string (0.5ms)
  Rendered /Users/devinoulighan/.rvm/gems/ruby-2.3.0/gems/web-console-2.2.1/lib/web_console/templates/console.js.erb within layouts/javascript (47.4ms)
  Rendered /Users/devinoulighan/.rvm/gems/ruby-2.3.0/gems/web-console-2.2.1/lib/web_console/templates/main.js.erb within layouts/javascript (0.3ms)
  Rendered /Users/devinoulighan/.rvm/gems/ruby-2.3.0/gems/web-console-2.2.1/lib/web_console/templates/error_page.js.erb within layouts/javascript (0.4ms)
  Rendered /Users/devinoulighan/.rvm/gems/ruby-2.3.0/gems/web-console-2.2.1/lib/web_console/templates/index.html.erb (103.2ms)


Started GET "/posts/" for ::1 at 2017-05-19 13:16:45 -0400
Processing by PostsController#index as HTML
  [1m[36mPost Load (0.1ms)[0m  [1mSELECT "posts".* FROM "posts"[0m
  Rendered posts/index.html.erb within layouts/application (4.1ms)
Completed 500 Internal Server Error in 9ms (ActiveRecord: 0.1ms)

ActionView::Template::Error (undefined method `pry' for #<Binding:0x007f92571baf80>
Did you mean?  try):
    1: 
    2: <% @posts.each do |post| %>
    3:   <div><%= link_to post.title, post_path(post) %></div><% binding.pry %>
    4: <% end %>
  app/views/posts/index.html.erb:3:in `block in _app_views_posts_index_html_erb__1351646282328907153_70133247726860'
  app/views/posts/index.html.erb:2:in `_app_views_posts_index_html_erb__1351646282328907153_70133247726860'


  Rendered /Users/devinoulighan/.rvm/gems/ruby-2.3.0/gems/actionpack-4.2.5/lib/action_dispatch/middleware/templates/rescues/_source.erb (4.9ms)
  Rendered /Users/devinoulighan/.rvm/gems/ruby-2.3.0/gems/actionpack-4.2.5/lib/action_dispatch/middleware/templates/rescues/_trace.html.erb (2.1ms)
  Rendered /Users/devinoulighan/.rvm/gems/ruby-2.3.0/gems/actionpack-4.2.5/lib/action_dispatch/middleware/templates/rescues/_request_and_response.html.erb (0.7ms)
  Rendered /Users/devinoulighan/.rvm/gems/ruby-2.3.0/gems/actionpack-4.2.5/lib/action_dispatch/middleware/templates/rescues/template_error.html.erb within rescues/layout (48.8ms)
  Rendered /Users/devinoulighan/.rvm/gems/ruby-2.3.0/gems/web-console-2.2.1/lib/web_console/templates/_markup.html.erb (0.3ms)
  Rendered /Users/devinoulighan/.rvm/gems/ruby-2.3.0/gems/web-console-2.2.1/lib/web_console/templates/_inner_console_markup.html.erb within layouts/inlined_string (0.4ms)
  Rendered /Users/devinoulighan/.rvm/gems/ruby-2.3.0/gems/web-console-2.2.1/lib/web_console/templates/_prompt_box_markup.html.erb within layouts/inlined_string (0.3ms)
  Rendered /Users/devinoulighan/.rvm/gems/ruby-2.3.0/gems/web-console-2.2.1/lib/web_console/templates/style.css.erb within layouts/inlined_string (0.7ms)
  Rendered /Users/devinoulighan/.rvm/gems/ruby-2.3.0/gems/web-console-2.2.1/lib/web_console/templates/console.js.erb within layouts/javascript (42.6ms)
  Rendered /Users/devinoulighan/.rvm/gems/ruby-2.3.0/gems/web-console-2.2.1/lib/web_console/templates/main.js.erb within layouts/javascript (0.3ms)
  Rendered /Users/devinoulighan/.rvm/gems/ruby-2.3.0/gems/web-console-2.2.1/lib/web_console/templates/error_page.js.erb within layouts/javascript (0.5ms)
  Rendered /Users/devinoulighan/.rvm/gems/ruby-2.3.0/gems/web-console-2.2.1/lib/web_console/templates/index.html.erb (93.9ms)


Started GET "/posts/" for ::1 at 2017-05-19 13:16:47 -0400
Processing by PostsController#index as HTML
  [1m[35mPost Load (0.1ms)[0m  SELECT "posts".* FROM "posts"
  Rendered posts/index.html.erb within layouts/application (3.7ms)
Completed 500 Internal Server Error in 8ms (ActiveRecord: 0.1ms)

ActionView::Template::Error (undefined method `pry' for #<Binding:0x007f92569a37e8>
Did you mean?  try):
    1: 
    2: <% @posts.each do |post| %>
    3:   <div><%= link_to post.title, post_path(post) %></div><% binding.pry %>
    4: <% end %>
  app/views/posts/index.html.erb:3:in `block in _app_views_posts_index_html_erb__1351646282328907153_70133247726860'
  app/views/posts/index.html.erb:2:in `_app_views_posts_index_html_erb__1351646282328907153_70133247726860'


  Rendered /Users/devinoulighan/.rvm/gems/ruby-2.3.0/gems/actionpack-4.2.5/lib/action_dispatch/middleware/templates/rescues/_source.erb (4.7ms)
  Rendered /Users/devinoulighan/.rvm/gems/ruby-2.3.0/gems/actionpack-4.2.5/lib/action_dispatch/middleware/templates/rescues/_trace.html.erb (2.1ms)
  Rendered /Users/devinoulighan/.rvm/gems/ruby-2.3.0/gems/actionpack-4.2.5/lib/action_dispatch/middleware/templates/rescues/_request_and_response.html.erb (0.8ms)
  Rendered /Users/devinoulighan/.rvm/gems/ruby-2.3.0/gems/actionpack-4.2.5/lib/action_dispatch/middleware/templates/rescues/template_error.html.erb within rescues/layout (48.7ms)
  Rendered /Users/devinoulighan/.rvm/gems/ruby-2.3.0/gems/web-console-2.2.1/lib/web_console/templates/_markup.html.erb (0.4ms)
  Rendered /Users/devinoulighan/.rvm/gems/ruby-2.3.0/gems/web-console-2.2.1/lib/web_console/templates/_inner_console_markup.html.erb within layouts/inlined_string (0.3ms)
  Rendered /Users/devinoulighan/.rvm/gems/ruby-2.3.0/gems/web-console-2.2.1/lib/web_console/templates/_prompt_box_markup.html.erb within layouts/inlined_string (0.4ms)
  Rendered /Users/devinoulighan/.rvm/gems/ruby-2.3.0/gems/web-console-2.2.1/lib/web_console/templates/style.css.erb within layouts/inlined_string (0.3ms)
  Rendered /Users/devinoulighan/.rvm/gems/ruby-2.3.0/gems/web-console-2.2.1/lib/web_console/templates/console.js.erb within layouts/javascript (42.9ms)
  Rendered /Users/devinoulighan/.rvm/gems/ruby-2.3.0/gems/web-console-2.2.1/lib/web_console/templates/main.js.erb within layouts/javascript (0.4ms)
  Rendered /Users/devinoulighan/.rvm/gems/ruby-2.3.0/gems/web-console-2.2.1/lib/web_console/templates/error_page.js.erb within layouts/javascript (0.4ms)
  Rendered /Users/devinoulighan/.rvm/gems/ruby-2.3.0/gems/web-console-2.2.1/lib/web_console/templates/index.html.erb (93.3ms)


Started GET "/posts/" for ::1 at 2017-05-19 13:16:50 -0400
Processing by PostsController#index as HTML
  [1m[36mPost Load (0.2ms)[0m  [1mSELECT "posts".* FROM "posts"[0m
  Rendered posts/index.html.erb within layouts/application (3.6ms)
Completed 500 Internal Server Error in 8ms (ActiveRecord: 0.2ms)

ActionView::Template::Error (undefined method `pry' for #<Binding:0x007f9253ea93d0>
Did you mean?  try):
    1: 
    2: <% @posts.each do |post| %>
    3:   <div><%= link_to post.title, post_path(post) %></div><% binding.pry %>
    4: <% end %>
  app/views/posts/index.html.erb:3:in `block in _app_views_posts_index_html_erb__1351646282328907153_70133247726860'
  app/views/posts/index.html.erb:2:in `_app_views_posts_index_html_erb__1351646282328907153_70133247726860'


  Rendered /Users/devinoulighan/.rvm/gems/ruby-2.3.0/gems/actionpack-4.2.5/lib/action_dispatch/middleware/templates/rescues/_source.erb (5.6ms)
  Rendered /Users/devinoulighan/.rvm/gems/ruby-2.3.0/gems/actionpack-4.2.5/lib/action_dispatch/middleware/templates/rescues/_trace.html.erb (2.5ms)
  Rendered /Users/devinoulighan/.rvm/gems/ruby-2.3.0/gems/actionpack-4.2.5/lib/action_dispatch/middleware/templates/rescues/_request_and_response.html.erb (0.9ms)
  Rendered /Users/devinoulighan/.rvm/gems/ruby-2.3.0/gems/actionpack-4.2.5/lib/action_dispatch/middleware/templates/rescues/template_error.html.erb within rescues/layout (54.9ms)
  Rendered /Users/devinoulighan/.rvm/gems/ruby-2.3.0/gems/web-console-2.2.1/lib/web_console/templates/_markup.html.erb (0.4ms)
  Rendered /Users/devinoulighan/.rvm/gems/ruby-2.3.0/gems/web-console-2.2.1/lib/web_console/templates/_inner_console_markup.html.erb within layouts/inlined_string (0.5ms)
  Rendered /Users/devinoulighan/.rvm/gems/ruby-2.3.0/gems/web-console-2.2.1/lib/web_console/templates/_prompt_box_markup.html.erb within layouts/inlined_string (0.5ms)
  Rendered /Users/devinoulighan/.rvm/gems/ruby-2.3.0/gems/web-console-2.2.1/lib/web_console/templates/style.css.erb within layouts/inlined_string (0.3ms)
  Rendered /Users/devinoulighan/.rvm/gems/ruby-2.3.0/gems/web-console-2.2.1/lib/web_console/templates/console.js.erb within layouts/javascript (43.5ms)
  Rendered /Users/devinoulighan/.rvm/gems/ruby-2.3.0/gems/web-console-2.2.1/lib/web_console/templates/main.js.erb within layouts/javascript (0.4ms)
  Rendered /Users/devinoulighan/.rvm/gems/ruby-2.3.0/gems/web-console-2.2.1/lib/web_console/templates/error_page.js.erb within layouts/javascript (0.4ms)
  Rendered /Users/devinoulighan/.rvm/gems/ruby-2.3.0/gems/web-console-2.2.1/lib/web_console/templates/index.html.erb (96.5ms)


Started GET "/posts/" for ::1 at 2017-05-19 13:17:18 -0400
Processing by PostsController#index as HTML
  [1m[35mPost Load (0.2ms)[0m  SELECT "posts".* FROM "posts"
  Rendered posts/index.html.erb within layouts/application (49.3ms)
Completed 500 Internal Server Error in 57ms (ActiveRecord: 0.2ms)

ActionView::Template::Error (undefined local variable or method `link_to_post' for #<#<Class:0x007f9253afde48>:0x007f92559c6708>
Did you mean?  link_to):
    1: 
    2: <% @posts.each do |post| %>
    3:   <div><%= link_to post.title, post_path(post) %></div><%= link_to_post %>
    4: <% end %>
  app/views/posts/index.html.erb:3:in `block in _app_views_posts_index_html_erb__1351646282328907153_70133239130680'
  app/views/posts/index.html.erb:2:in `_app_views_posts_index_html_erb__1351646282328907153_70133239130680'


  Rendered /Users/devinoulighan/.rvm/gems/ruby-2.3.0/gems/actionpack-4.2.5/lib/action_dispatch/middleware/templates/rescues/_source.erb (4.9ms)
  Rendered /Users/devinoulighan/.rvm/gems/ruby-2.3.0/gems/actionpack-4.2.5/lib/action_dispatch/middleware/templates/rescues/_trace.html.erb (2.8ms)
  Rendered /Users/devinoulighan/.rvm/gems/ruby-2.3.0/gems/actionpack-4.2.5/lib/action_dispatch/middleware/templates/rescues/_request_and_response.html.erb (1.2ms)
  Rendered /Users/devinoulighan/.rvm/gems/ruby-2.3.0/gems/actionpack-4.2.5/lib/action_dispatch/middleware/templates/rescues/template_error.html.erb within rescues/layout (54.2ms)
  Rendered /Users/devinoulighan/.rvm/gems/ruby-2.3.0/gems/web-console-2.2.1/lib/web_console/templates/_markup.html.erb (0.4ms)
  Rendered /Users/devinoulighan/.rvm/gems/ruby-2.3.0/gems/web-console-2.2.1/lib/web_console/templates/_inner_console_markup.html.erb within layouts/inlined_string (0.3ms)
  Rendered /Users/devinoulighan/.rvm/gems/ruby-2.3.0/gems/web-console-2.2.1/lib/web_console/templates/_prompt_box_markup.html.erb within layouts/inlined_string (0.3ms)
  Rendered /Users/devinoulighan/.rvm/gems/ruby-2.3.0/gems/web-console-2.2.1/lib/web_console/templates/style.css.erb within layouts/inlined_string (0.4ms)
  Rendered /Users/devinoulighan/.rvm/gems/ruby-2.3.0/gems/web-console-2.2.1/lib/web_console/templates/console.js.erb within layouts/javascript (44.7ms)
  Rendered /Users/devinoulighan/.rvm/gems/ruby-2.3.0/gems/web-console-2.2.1/lib/web_console/templates/main.js.erb within layouts/javascript (0.6ms)
  Rendered /Users/devinoulighan/.rvm/gems/ruby-2.3.0/gems/web-console-2.2.1/lib/web_console/templates/error_page.js.erb within layouts/javascript (0.4ms)
  Rendered /Users/devinoulighan/.rvm/gems/ruby-2.3.0/gems/web-console-2.2.1/lib/web_console/templates/index.html.erb (104.5ms)


Started GET "/posts/" for ::1 at 2017-05-19 13:17:32 -0400
Processing by PostsController#index as HTML
  [1m[36mPost Load (0.1ms)[0m  [1mSELECT "posts".* FROM "posts"[0m
  Rendered posts/index.html.erb within layouts/application (1.8ms)
Completed 200 OK in 19ms (Views: 18.5ms | ActiveRecord: 0.1ms)


Started GET "/posts/" for ::1 at 2017-05-19 13:17:40 -0400
Processing by PostsController#index as HTML
  [1m[35mPost Load (0.2ms)[0m  SELECT "posts".* FROM "posts"
  Rendered posts/index.html.erb within layouts/application (1.8ms)
Completed 200 OK in 19ms (Views: 18.8ms | ActiveRecord: 0.2ms)


Started GET "/posts/" for ::1 at 2017-05-19 13:17:46 -0400
Processing by PostsController#index as HTML
  [1m[36mPost Load (0.2ms)[0m  [1mSELECT "posts".* FROM "posts"[0m
  Rendered posts/index.html.erb within layouts/application (1.7ms)
Completed 200 OK in 17ms (Views: 16.5ms | ActiveRecord: 0.2ms)


Started GET "/posts/" for ::1 at 2017-05-19 13:17:52 -0400
Processing by PostsController#index as HTML
  [1m[35mPost Load (0.1ms)[0m  SELECT "posts".* FROM "posts"
  Rendered posts/index.html.erb within layouts/application (1.4ms)
Completed 200 OK in 20ms (Views: 18.8ms | ActiveRecord: 0.1ms)


Started GET "/posts/" for ::1 at 2017-05-19 13:18:02 -0400
Processing by PostsController#index as HTML
  [1m[36mPost Load (0.2ms)[0m  [1mSELECT "posts".* FROM "posts"[0m
  Rendered posts/index.html.erb within layouts/application (3.6ms)
Completed 500 Internal Server Error in 9ms (ActiveRecord: 0.2ms)

ActionView::Template::Error (No route matches {:action=>"show", :controller=>"posts"} missing required keys: [:id]):
    1: 
    2: <% @posts.each do |post| %>
    3:   <div><%= link_to post.title, post_path(post) %></div><%= post_path %>
    4: <% end %>
  app/views/posts/index.html.erb:3:in `block in _app_views_posts_index_html_erb__1351646282328907153_70133198367680'
  app/views/posts/index.html.erb:2:in `_app_views_posts_index_html_erb__1351646282328907153_70133198367680'


  Rendered /Users/devinoulighan/.rvm/gems/ruby-2.3.0/gems/actionpack-4.2.5/lib/action_dispatch/middleware/templates/rescues/_source.erb (5.5ms)
  Rendered /Users/devinoulighan/.rvm/gems/ruby-2.3.0/gems/actionpack-4.2.5/lib/action_dispatch/middleware/templates/rescues/_trace.html.erb (2.1ms)
  Rendered /Users/devinoulighan/.rvm/gems/ruby-2.3.0/gems/actionpack-4.2.5/lib/action_dispatch/middleware/templates/rescues/_request_and_response.html.erb (1.0ms)
  Rendered /Users/devinoulighan/.rvm/gems/ruby-2.3.0/gems/actionpack-4.2.5/lib/action_dispatch/middleware/templates/rescues/template_error.html.erb within rescues/layout (56.4ms)
  Rendered /Users/devinoulighan/.rvm/gems/ruby-2.3.0/gems/web-console-2.2.1/lib/web_console/templates/_markup.html.erb (0.3ms)
  Rendered /Users/devinoulighan/.rvm/gems/ruby-2.3.0/gems/web-console-2.2.1/lib/web_console/templates/_inner_console_markup.html.erb within layouts/inlined_string (0.3ms)
  Rendered /Users/devinoulighan/.rvm/gems/ruby-2.3.0/gems/web-console-2.2.1/lib/web_console/templates/_prompt_box_markup.html.erb within layouts/inlined_string (0.4ms)
  Rendered /Users/devinoulighan/.rvm/gems/ruby-2.3.0/gems/web-console-2.2.1/lib/web_console/templates/style.css.erb within layouts/inlined_string (0.4ms)
  Rendered /Users/devinoulighan/.rvm/gems/ruby-2.3.0/gems/web-console-2.2.1/lib/web_console/templates/console.js.erb within layouts/javascript (48.6ms)
  Rendered /Users/devinoulighan/.rvm/gems/ruby-2.3.0/gems/web-console-2.2.1/lib/web_console/templates/main.js.erb within layouts/javascript (0.3ms)
  Rendered /Users/devinoulighan/.rvm/gems/ruby-2.3.0/gems/web-console-2.2.1/lib/web_console/templates/error_page.js.erb within layouts/javascript (0.5ms)
  Rendered /Users/devinoulighan/.rvm/gems/ruby-2.3.0/gems/web-console-2.2.1/lib/web_console/templates/index.html.erb (110.0ms)


Started GET "/posts/" for ::1 at 2017-05-19 13:18:09 -0400
Processing by PostsController#index as HTML
  [1m[35mPost Load (0.1ms)[0m  SELECT "posts".* FROM "posts"
  Rendered posts/index.html.erb within layouts/application (1.6ms)
Completed 200 OK in 16ms (Views: 15.2ms | ActiveRecord: 0.1ms)


Started GET "/posts/" for ::1 at 2017-05-19 13:18:21 -0400
Processing by PostsController#index as HTML
  [1m[36mPost Load (0.1ms)[0m  [1mSELECT "posts".* FROM "posts"[0m
  Rendered posts/index.html.erb within layouts/application (1.3ms)
Completed 200 OK in 15ms (Views: 13.7ms | ActiveRecord: 0.1ms)
